-------------------------------------------------------------------------------
Test set: com.aciworldwide.dealdesk.service.DealServiceTddTest$SalesforceIntegrationTests
-------------------------------------------------------------------------------
Tests run: 1, Failures: 0, Errors: 1, Skipped: 0, Time elapsed: 0.013 s <<< FAILURE! -- in com.aciworldwide.dealdesk.service.DealServiceTddTest$SalesforceIntegrationTests
com.aciworldwide.dealdesk.service.DealServiceTddTest$SalesforceIntegrationTests.createDeal_SalesforceSyncFailure_ThrowsException -- Time elapsed: 0.010 s <<< ERROR!
org.mockito.exceptions.misusing.UnnecessaryStubbingException: 

Unnecessary stubbings detected.
Clean & maintainable test code requires zero unnecessary code.
Following stubbings are unnecessary (click to navigate to relevant line of code):
  1. -> at com.aciworldwide.dealdesk.service.DealServiceTddTest$SalesforceIntegrationTests.createDeal_SalesforceSyncFailure_ThrowsException(DealServiceTddTest.java:163)
Please remove unnecessary stubbings or use 'lenient' strictness. More info: javadoc for UnnecessaryStubbingException class.
	at org.mockito.junit.jupiter.MockitoExtension.afterEach(MockitoExtension.java:197)
	at java.base/java.util.ArrayList.forEach(ArrayList.java:1596)
	at java.base/java.util.ArrayList.forEach(ArrayList.java:1596)
	at java.base/java.util.ArrayList.forEach(ArrayList.java:1596)

