-------------------------------------------------------------------------------
Test set: com.aciworldwide.dealdesk.service.DealServiceTddTest$DealCreationSuccessTests
-------------------------------------------------------------------------------
Tests run: 2, Failures: 0, Errors: 2, Skipped: 0, Time elapsed: 0.015 s <<< FAILURE! -- in com.aciworldwide.dealdesk.service.DealServiceTddTest$DealCreationSuccessTests
com.aciworldwide.dealdesk.service.DealServiceTddTest$DealCreationSuccessTests.createDeal_ValidatesRulesBeforeSaving -- Time elapsed: 0.006 s <<< ERROR!
org.mockito.exceptions.base.MockitoException: 

Only void methods can doNothing()!
Example of correct use of doNothing():
    doNothing().
    doThrow(new RuntimeException())
    .when(mock).someVoidMethod();
Above means:
someVoidMethod() does nothing the 1st time but throws an exception the 2nd time is called
	at com.aciworldwide.dealdesk.service.DealServiceTddTest$DealCreationSuccessTests.createDeal_ValidatesRulesBeforeSaving(DealServiceTddTest.java:96)
	at java.base/java.lang.reflect.Method.invoke(Method.java:580)
	at java.base/java.util.ArrayList.forEach(ArrayList.java:1596)
	at java.base/java.util.ArrayList.forEach(ArrayList.java:1596)
	at java.base/java.util.ArrayList.forEach(ArrayList.java:1596)

com.aciworldwide.dealdesk.service.DealServiceTddTest$DealCreationSuccessTests.createDeal_ValidDeal_ReturnsSavedDeal -- Time elapsed: 0.006 s <<< ERROR!
org.mockito.exceptions.base.MockitoException: 

Only void methods can doNothing()!
Example of correct use of doNothing():
    doNothing().
    doThrow(new RuntimeException())
    .when(mock).someVoidMethod();
Above means:
someVoidMethod() does nothing the 1st time but throws an exception the 2nd time is called
	at com.aciworldwide.dealdesk.service.DealServiceTddTest$DealCreationSuccessTests.createDeal_ValidDeal_ReturnsSavedDeal(DealServiceTddTest.java:73)
	at java.base/java.lang.reflect.Method.invoke(Method.java:580)
	at java.base/java.util.ArrayList.forEach(ArrayList.java:1596)
	at java.base/java.util.ArrayList.forEach(ArrayList.java:1596)
	at java.base/java.util.ArrayList.forEach(ArrayList.java:1596)

