-------------------------------------------------------------------------------
Test set: com.aciworldwide.dealdesk.service.DealDeskServiceTest$DealStatusUpdateTests$DealSalesforceTests
-------------------------------------------------------------------------------
Tests run: 2, Failures: 0, Errors: 2, Skipped: 0, Time elapsed: 0.007 s <<< FAILURE! -- in com.aciworldwide.dealdesk.service.DealDeskServiceTest$DealStatusUpdateTests$DealSalesforceTests
com.aciworldwide.dealdesk.service.DealDeskServiceTest$DealStatusUpdateTests.submitForApproval_Success -- Time elapsed: 0.438 s <<< ERROR!
java.lang.NullPointerException: Cannot invoke "com.aciworldwide.dealdesk.rules.service.DealStatusRuleExecutorService.executeDealStatusRules(com.aciworldwide.dealdesk.model.Deal)" because "this.dealStatusRuleExecutorService" is null
	at com.aciworldwide.dealdesk.service.impl.DealServiceImpl.submitForApproval(DealServiceImpl.java:135)
	at com.aciworldwide.dealdesk.service.DealDeskServiceTest$DealStatusUpdateTests.submitForApproval_Success(DealDeskServiceTest.java:111)
	at java.base/java.lang.reflect.Method.invoke(Method.java:580)
	at java.base/java.util.ArrayList.forEach(ArrayList.java:1596)
	at java.base/java.util.ArrayList.forEach(ArrayList.java:1596)
	at java.base/java.util.ArrayList.forEach(ArrayList.java:1596)

com.aciworldwide.dealdesk.service.DealDeskServiceTest$DealStatusUpdateTests$DealSalesforceTests.syncWithSalesforce_Success -- Time elapsed: 0.005 s <<< ERROR!
java.lang.NullPointerException: Cannot invoke "com.aciworldwide.dealdesk.rules.engine.PricingRuleEngine.evaluateRules(com.aciworldwide.dealdesk.model.Deal)" because "this.pricingRuleEngine" is null
	at com.aciworldwide.dealdesk.service.impl.DealServiceImpl.syncWithSalesforce(DealServiceImpl.java:250)
	at com.aciworldwide.dealdesk.service.DealDeskServiceTest$DealStatusUpdateTests$DealSalesforceTests.syncWithSalesforce_Success(DealDeskServiceTest.java:136)
	at java.base/java.lang.reflect.Method.invoke(Method.java:580)
	at java.base/java.util.ArrayList.forEach(ArrayList.java:1596)
	at java.base/java.util.ArrayList.forEach(ArrayList.java:1596)
	at java.base/java.util.ArrayList.forEach(ArrayList.java:1596)
	at java.base/java.util.ArrayList.forEach(ArrayList.java:1596)

