<?xml version="1.0" encoding="UTF-8"?>
<testsuite xmlns:xsi="http://www.w3.org/2001/XMLSchema-instance" xsi:noNamespaceSchemaLocation="https://maven.apache.org/surefire/maven-surefire-plugin/xsd/surefire-test-report.xsd" version="3.0.2" name="com.aciworldwide.dealdesk.rules.service.RuleServiceTest$GetRuleTests" time="0.018" tests="3" errors="0" skipped="0" failures="0">
  <properties>
[...]
</properties>
  <testcase name="shouldGetRuleById" classname="com.aciworldwide.dealdesk.rules.service.RuleServiceTest$GetRuleTests" time="0.004">
    <system-out><![CDATA[2025-02-18T14:16:31.013-06:00 DEBUG 19940 --- [deal-desk-service] [           main] c.a.dealdesk.rules.service.RuleService   : Fetching rule with ID: test-rule
]]></system-out>
  </testcase>
  <testcase name="shouldThrowExceptionWhenRuleNotFound" classname="com.aciworldwide.dealdesk.rules.service.RuleServiceTest$GetRuleTests" time="0.006">
    <system-out><![CDATA[2025-02-18T14:16:31.019-06:00 DEBUG 19940 --- [deal-desk-service] [           main] c.a.dealdesk.rules.service.RuleService   : Fetching rule with ID: nonexistent
2025-02-18T14:16:31.019-06:00 ERROR 19940 --- [deal-desk-service] [           main] c.a.dealdesk.rules.service.RuleService   : Rule not found with ID: nonexistent
]]></system-out>
  </testcase>
  <testcase name="shouldThrowExceptionWhenRuleIdEmpty" classname="com.aciworldwide.dealdesk.rules.service.RuleServiceTest$GetRuleTests" time="0.004"/>
</testsuite>