<?xml version="1.0" encoding="UTF-8"?>
<testsuite xmlns:xsi="http://www.w3.org/2001/XMLSchema-instance" xsi:noNamespaceSchemaLocation="https://maven.apache.org/surefire/maven-surefire-plugin/xsd/surefire-test-report.xsd" version="3.0.2" name="com.aciworldwide.dealdesk.rules.impl.ProfitabilityRulesTest" time="0.228" tests="10" errors="0" skipped="0" failures="0">
  <properties>
[...]
</properties>
  <testcase name="shouldNotCalculateNetRevenuePerTransactionWhenTrxnCountIsZero" classname="com.aciworldwide.dealdesk.rules.impl.ProfitabilityRulesTest" time="0.013">
    <system-out><![CDATA[2025-02-18T14:16:12.790-06:00  WARN 19940 --- [deal-desk-service] [           main] org.jeasy.rules.core.RuleProxy           : Rule 'com.aciworldwide.dealdesk.rules.impl.ProfitabilityRules$CalculateGrossRevenue' has been evaluated to false due to a declared but missing fact 'settledPmtAmt' in [Fact{name='netRevenue', value=1000.0},Fact{name='nrPerTrans', value=[D@63513c1c},Fact{name='trxnCount', value=0}]
2025-02-18T14:16:12.791-06:00  WARN 19940 --- [deal-desk-service] [           main] org.jeasy.rules.core.RuleProxy           : Rule 'com.aciworldwide.dealdesk.rules.impl.ProfitabilityRules$CalculateMarginPercentage' has been evaluated to false due to a declared but missing fact 'grossRevenue' in [Fact{name='netRevenue', value=1000.0},Fact{name='nrPerTrans', value=[D@63513c1c},Fact{name='trxnCount', value=0}]
2025-02-18T14:16:12.794-06:00  WARN 19940 --- [deal-desk-service] [           main] org.jeasy.rules.core.RuleProxy           : Rule 'com.aciworldwide.dealdesk.rules.impl.ProfitabilityRules$CalculateUpliftDecrease' has been evaluated to false due to a declared but missing fact 'netRevenueCard' in [Fact{name='netRevenue', value=1000.0},Fact{name='nrPerTrans', value=[D@63513c1c},Fact{name='trxnCount', value=0}]
]]></system-out>
  </testcase>
  <testcase name="shouldNotCalculateGrossRevenueWhenInputsAreInvalid" classname="com.aciworldwide.dealdesk.rules.impl.ProfitabilityRulesTest" time="0.018">
    <system-out><![CDATA[2025-02-18T14:16:12.822-06:00  WARN 19940 --- [deal-desk-service] [           main] org.jeasy.rules.core.RuleProxy           : Types of injected facts in method 'isMarginPercentageCalculationNeeded' in rule 'com.aciworldwide.dealdesk.rules.impl.ProfitabilityRules$CalculateMarginPercentage' do not match parameters types

java.lang.IllegalArgumentException: argument type mismatch
	at java.base/jdk.internal.reflect.DirectMethodHandleAccessor.invoke(DirectMethodHandleAccessor.java:107) ~[na:na]
	at java.base/java.lang.reflect.Method.invoke(Method.java:580) ~[na:na]
	at org.jeasy.rules.core.RuleProxy.evaluateMethod(RuleProxy.java:126) ~[easy-rules-core-4.1.0.jar:na]
	at org.jeasy.rules.core.RuleProxy.invoke(RuleProxy.java:107) ~[easy-rules-core-4.1.0.jar:na]
	at jdk.proxy2/jdk.proxy2.$Proxy171.evaluate(Unknown Source) ~[na:na]
	at org.jeasy.rules.core.DefaultRulesEngine.doFire(DefaultRulesEngine.java:97) ~[easy-rules-core-4.1.0.jar:na]
	at org.jeasy.rules.core.DefaultRulesEngine.fire(DefaultRulesEngine.java:70) ~[easy-rules-core-4.1.0.jar:na]
	at com.aciworldwide.dealdesk.rules.impl.ProfitabilityRulesTest.shouldNotCalculateGrossRevenueWhenInputsAreInvalid(ProfitabilityRulesTest.java:119) ~[test-classes/:na]
	at java.base/jdk.internal.reflect.DirectMethodHandleAccessor.invoke(DirectMethodHandleAccessor.java:103) ~[na:na]
	at java.base/java.lang.reflect.Method.invoke(Method.java:580) ~[na:na]
	at org.junit.platform.commons.util.ReflectionUtils.invokeMethod(ReflectionUtils.java:767) ~[junit-platform-commons-1.11.4.jar:1.11.4]
	at org.junit.jupiter.engine.execution.MethodInvocation.proceed(MethodInvocation.java:60) ~[junit-jupiter-engine-5.11.4.jar:5.11.4]
	at org.junit.jupiter.engine.execution.InvocationInterceptorChain$ValidatingInvocation.proceed(InvocationInterceptorChain.java:131) ~[junit-jupiter-engine-5.11.4.jar:5.11.4]
	at org.junit.jupiter.engine.extension.TimeoutExtension.intercept(TimeoutExtension.java:156) ~[junit-jupiter-engine-5.11.4.jar:5.11.4]
	at org.junit.jupiter.engine.extension.TimeoutExtension.interceptTestableMethod(TimeoutExtension.java:147) ~[junit-jupiter-engine-5.11.4.jar:5.11.4]
	at org.junit.jupiter.engine.extension.TimeoutExtension.interceptTestMethod(TimeoutExtension.java:86) ~[junit-jupiter-engine-5.11.4.jar:5.11.4]
	at org.junit.jupiter.engine.execution.InterceptingExecutableInvoker$ReflectiveInterceptorCall.lambda$ofVoidMethod$0(InterceptingExecutableInvoker.java:103) ~[junit-jupiter-engine-5.11.4.jar:5.11.4]
	at org.junit.jupiter.engine.execution.InterceptingExecutableInvoker.lambda$invoke$0(InterceptingExecutableInvoker.java:93) ~[junit-jupiter-engine-5.11.4.jar:5.11.4]
	at org.junit.jupiter.engine.execution.InvocationInterceptorChain$InterceptedInvocation.proceed(InvocationInterceptorChain.java:106) ~[junit-jupiter-engine-5.11.4.jar:5.11.4]
	at org.junit.jupiter.engine.execution.InvocationInterceptorChain.proceed(InvocationInterceptorChain.java:64) ~[junit-jupiter-engine-5.11.4.jar:5.11.4]
	at org.junit.jupiter.engine.execution.InvocationInterceptorChain.chainAndInvoke(InvocationInterceptorChain.java:45) ~[junit-jupiter-engine-5.11.4.jar:5.11.4]
	at org.junit.jupiter.engine.execution.InvocationInterceptorChain.invoke(InvocationInterceptorChain.java:37) ~[junit-jupiter-engine-5.11.4.jar:5.11.4]
	at org.junit.jupiter.engine.execution.InterceptingExecutableInvoker.invoke(InterceptingExecutableInvoker.java:92) ~[junit-jupiter-engine-5.11.4.jar:5.11.4]
	at org.junit.jupiter.engine.execution.InterceptingExecutableInvoker.invoke(InterceptingExecutableInvoker.java:86) ~[junit-jupiter-engine-5.11.4.jar:5.11.4]
	at org.junit.jupiter.engine.descriptor.TestMethodTestDescriptor.lambda$invokeTestMethod$8(TestMethodTestDescriptor.java:217) ~[junit-jupiter-engine-5.11.4.jar:5.11.4]
	at org.junit.platform.engine.support.hierarchical.ThrowableCollector.execute(ThrowableCollector.java:73) ~[junit-platform-engine-1.11.4.jar:1.11.4]
	at org.junit.jupiter.engine.descriptor.TestMethodTestDescriptor.invokeTestMethod(TestMethodTestDescriptor.java:213) ~[junit-jupiter-engine-5.11.4.jar:5.11.4]
	at org.junit.jupiter.engine.descriptor.TestMethodTestDescriptor.execute(TestMethodTestDescriptor.java:138) ~[junit-jupiter-engine-5.11.4.jar:5.11.4]
	at org.junit.jupiter.engine.descriptor.TestMethodTestDescriptor.execute(TestMethodTestDescriptor.java:68) ~[junit-jupiter-engine-5.11.4.jar:5.11.4]
	at org.junit.platform.engine.support.hierarchical.NodeTestTask.lambda$executeRecursively$6(NodeTestTask.java:156) ~[junit-platform-engine-1.11.4.jar:1.11.4]
	at org.junit.platform.engine.support.hierarchical.ThrowableCollector.execute(ThrowableCollector.java:73) ~[junit-platform-engine-1.11.4.jar:1.11.4]
	at org.junit.platform.engine.support.hierarchical.NodeTestTask.lambda$executeRecursively$8(NodeTestTask.java:146) ~[junit-platform-engine-1.11.4.jar:1.11.4]
	at org.junit.platform.engine.support.hierarchical.Node.around(Node.java:137) ~[junit-platform-engine-1.11.4.jar:1.11.4]
	at org.junit.platform.engine.support.hierarchical.NodeTestTask.lambda$executeRecursively$9(NodeTestTask.java:144) ~[junit-platform-engine-1.11.4.jar:1.11.4]
	at org.junit.platform.engine.support.hierarchical.ThrowableCollector.execute(ThrowableCollector.java:73) ~[junit-platform-engine-1.11.4.jar:1.11.4]
	at org.junit.platform.engine.support.hierarchical.NodeTestTask.executeRecursively(NodeTestTask.java:143) ~[junit-platform-engine-1.11.4.jar:1.11.4]
	at org.junit.platform.engine.support.hierarchical.NodeTestTask.execute(NodeTestTask.java:100) ~[junit-platform-engine-1.11.4.jar:1.11.4]
	at java.base/java.util.ArrayList.forEach(ArrayList.java:1596) ~[na:na]
	at org.junit.platform.engine.support.hierarchical.SameThreadHierarchicalTestExecutorService.invokeAll(SameThreadHierarchicalTestExecutorService.java:41) ~[junit-platform-engine-1.11.4.jar:1.11.4]
	at org.junit.platform.engine.support.hierarchical.NodeTestTask.lambda$executeRecursively$6(NodeTestTask.java:160) ~[junit-platform-engine-1.11.4.jar:1.11.4]
	at org.junit.platform.engine.support.hierarchical.ThrowableCollector.execute(ThrowableCollector.java:73) ~[junit-platform-engine-1.11.4.jar:1.11.4]
	at org.junit.platform.engine.support.hierarchical.NodeTestTask.lambda$executeRecursively$8(NodeTestTask.java:146) ~[junit-platform-engine-1.11.4.jar:1.11.4]
	at org.junit.platform.engine.support.hierarchical.Node.around(Node.java:137) ~[junit-platform-engine-1.11.4.jar:1.11.4]
	at org.junit.platform.engine.support.hierarchical.NodeTestTask.lambda$executeRecursively$9(NodeTestTask.java:144) ~[junit-platform-engine-1.11.4.jar:1.11.4]
	at org.junit.platform.engine.support.hierarchical.ThrowableCollector.execute(ThrowableCollector.java:73) ~[junit-platform-engine-1.11.4.jar:1.11.4]
	at org.junit.platform.engine.support.hierarchical.NodeTestTask.executeRecursively(NodeTestTask.java:143) ~[junit-platform-engine-1.11.4.jar:1.11.4]
	at org.junit.platform.engine.support.hierarchical.NodeTestTask.execute(NodeTestTask.java:100) ~[junit-platform-engine-1.11.4.jar:1.11.4]
	at java.base/java.util.ArrayList.forEach(ArrayList.java:1596) ~[na:na]
	at org.junit.platform.engine.support.hierarchical.SameThreadHierarchicalTestExecutorService.invokeAll(SameThreadHierarchicalTestExecutorService.java:41) ~[junit-platform-engine-1.11.4.jar:1.11.4]
	at org.junit.platform.engine.support.hierarchical.NodeTestTask.lambda$executeRecursively$6(NodeTestTask.java:160) ~[junit-platform-engine-1.11.4.jar:1.11.4]
	at org.junit.platform.engine.support.hierarchical.ThrowableCollector.execute(ThrowableCollector.java:73) ~[junit-platform-engine-1.11.4.jar:1.11.4]
	at org.junit.platform.engine.support.hierarchical.NodeTestTask.lambda$executeRecursively$8(NodeTestTask.java:146) ~[junit-platform-engine-1.11.4.jar:1.11.4]
	at org.junit.platform.engine.support.hierarchical.Node.around(Node.java:137) ~[junit-platform-engine-1.11.4.jar:1.11.4]
	at org.junit.platform.engine.support.hierarchical.NodeTestTask.lambda$executeRecursively$9(NodeTestTask.java:144) ~[junit-platform-engine-1.11.4.jar:1.11.4]
	at org.junit.platform.engine.support.hierarchical.ThrowableCollector.execute(ThrowableCollector.java:73) ~[junit-platform-engine-1.11.4.jar:1.11.4]
	at org.junit.platform.engine.support.hierarchical.NodeTestTask.executeRecursively(NodeTestTask.java:143) ~[junit-platform-engine-1.11.4.jar:1.11.4]
	at org.junit.platform.engine.support.hierarchical.NodeTestTask.execute(NodeTestTask.java:100) ~[junit-platform-engine-1.11.4.jar:1.11.4]
	at org.junit.platform.engine.support.hierarchical.SameThreadHierarchicalTestExecutorService.submit(SameThreadHierarchicalTestExecutorService.java:35) ~[junit-platform-engine-1.11.4.jar:1.11.4]
	at org.junit.platform.engine.support.hierarchical.HierarchicalTestExecutor.execute(HierarchicalTestExecutor.java:57) ~[junit-platform-engine-1.11.4.jar:1.11.4]
	at org.junit.platform.engine.support.hierarchical.HierarchicalTestEngine.execute(HierarchicalTestEngine.java:54) ~[junit-platform-engine-1.11.4.jar:1.11.4]
	at org.junit.platform.launcher.core.EngineExecutionOrchestrator.execute(EngineExecutionOrchestrator.java:198) ~[junit-platform-launcher-1.11.4.jar:1.11.4]
	at org.junit.platform.launcher.core.EngineExecutionOrchestrator.execute(EngineExecutionOrchestrator.java:169) ~[junit-platform-launcher-1.11.4.jar:1.11.4]
	at org.junit.platform.launcher.core.EngineExecutionOrchestrator.execute(EngineExecutionOrchestrator.java:93) ~[junit-platform-launcher-1.11.4.jar:1.11.4]
	at org.junit.platform.launcher.core.EngineExecutionOrchestrator.lambda$execute$0(EngineExecutionOrchestrator.java:58) ~[junit-platform-launcher-1.11.4.jar:1.11.4]
	at org.junit.platform.launcher.core.EngineExecutionOrchestrator.withInterceptedStreams(EngineExecutionOrchestrator.java:141) ~[junit-platform-launcher-1.11.4.jar:1.11.4]
	at org.junit.platform.launcher.core.EngineExecutionOrchestrator.execute(EngineExecutionOrchestrator.java:57) ~[junit-platform-launcher-1.11.4.jar:1.11.4]
	at org.junit.platform.launcher.core.DefaultLauncher.execute(DefaultLauncher.java:103) ~[junit-platform-launcher-1.11.4.jar:1.11.4]
	at org.junit.platform.launcher.core.DefaultLauncher.execute(DefaultLauncher.java:85) ~[junit-platform-launcher-1.11.4.jar:1.11.4]
	at org.junit.platform.launcher.core.DelegatingLauncher.execute(DelegatingLauncher.java:47) ~[junit-platform-launcher-1.11.4.jar:1.11.4]
	at org.apache.maven.surefire.junitplatform.LazyLauncher.execute(LazyLauncher.java:56) ~[surefire-junit-platform-3.5.2.jar:3.5.2]
	at org.apache.maven.surefire.junitplatform.JUnitPlatformProvider.execute(JUnitPlatformProvider.java:184) ~[surefire-junit-platform-3.5.2.jar:3.5.2]
	at org.apache.maven.surefire.junitplatform.JUnitPlatformProvider.invokeAllTests(JUnitPlatformProvider.java:148) ~[surefire-junit-platform-3.5.2.jar:3.5.2]
	at org.apache.maven.surefire.junitplatform.JUnitPlatformProvider.invoke(JUnitPlatformProvider.java:122) ~[surefire-junit-platform-3.5.2.jar:3.5.2]
	at org.apache.maven.surefire.booter.ForkedBooter.runSuitesInProcess(ForkedBooter.java:385) ~[surefire-booter-3.5.2.jar:3.5.2]
	at org.apache.maven.surefire.booter.ForkedBooter.execute(ForkedBooter.java:162) ~[surefire-booter-3.5.2.jar:3.5.2]
	at org.apache.maven.surefire.booter.ForkedBooter.run(ForkedBooter.java:507) ~[surefire-booter-3.5.2.jar:3.5.2]
	at org.apache.maven.surefire.booter.ForkedBooter.main(ForkedBooter.java:495) ~[surefire-booter-3.5.2.jar:3.5.2]

2025-02-18T14:16:12.826-06:00  WARN 19940 --- [deal-desk-service] [           main] org.jeasy.rules.core.RuleProxy           : Rule 'com.aciworldwide.dealdesk.rules.impl.ProfitabilityRules$CalculateNetRevenuePerTransaction' has been evaluated to false due to a declared but missing fact 'trxnCount' in [Fact{name='settledPmtAmt', value=0.0},Fact{name='grossRevenue', value=[D@10c11e36},Fact{name='netRevenue', value=750.0}]
2025-02-18T14:16:12.826-06:00  WARN 19940 --- [deal-desk-service] [           main] org.jeasy.rules.core.RuleProxy           : Rule 'com.aciworldwide.dealdesk.rules.impl.ProfitabilityRules$CalculateUpliftDecrease' has been evaluated to false due to a declared but missing fact 'netRevenueCard' in [Fact{name='settledPmtAmt', value=0.0},Fact{name='grossRevenue', value=[D@10c11e36},Fact{name='netRevenue', value=750.0}]
]]></system-out>
  </testcase>
  <testcase name="shouldCalculateUpliftDecreaseWithZeroACHRevenue" classname="com.aciworldwide.dealdesk.rules.impl.ProfitabilityRulesTest" time="0.004">
    <system-out><![CDATA[2025-02-18T14:16:12.830-06:00  WARN 19940 --- [deal-desk-service] [           main] org.jeasy.rules.core.RuleProxy           : Rule 'com.aciworldwide.dealdesk.rules.impl.ProfitabilityRules$CalculateGrossRevenue' has been evaluated to false due to a declared but missing fact 'settledPmtAmt' in [Fact{name='netRevenueCard', value=1000.0},Fact{name='netRevenueACH', value=0.0},Fact{name='upliftDecrease', value=[D@1da53092}]
2025-02-18T14:16:12.830-06:00  WARN 19940 --- [deal-desk-service] [           main] org.jeasy.rules.core.RuleProxy           : Rule 'com.aciworldwide.dealdesk.rules.impl.ProfitabilityRules$CalculateMarginPercentage' has been evaluated to false due to a declared but missing fact 'grossRevenue' in [Fact{name='netRevenueCard', value=1000.0},Fact{name='netRevenueACH', value=0.0},Fact{name='upliftDecrease', value=[D@1da53092}]
2025-02-18T14:16:12.830-06:00  WARN 19940 --- [deal-desk-service] [           main] org.jeasy.rules.core.RuleProxy           : Rule 'com.aciworldwide.dealdesk.rules.impl.ProfitabilityRules$CalculateNetRevenuePerTransaction' has been evaluated to false due to a declared but missing fact 'netRevenue' in [Fact{name='netRevenueCard', value=1000.0},Fact{name='netRevenueACH', value=0.0},Fact{name='upliftDecrease', value=[D@1da53092}]
]]></system-out>
  </testcase>
  <testcase name="shouldNotCalculateMarginPercentageWhenGrossRevenueIsZero" classname="com.aciworldwide.dealdesk.rules.impl.ProfitabilityRulesTest" time="0.002">
    <system-out><![CDATA[2025-02-18T14:16:12.834-06:00  WARN 19940 --- [deal-desk-service] [           main] org.jeasy.rules.core.RuleProxy           : Rule 'com.aciworldwide.dealdesk.rules.impl.ProfitabilityRules$CalculateGrossRevenue' has been evaluated to false due to a declared but missing fact 'settledPmtAmt' in [Fact{name='grossRevenue', value=0.0},Fact{name='netRevenue', value=750.0},Fact{name='marginPercentage', value=[D@10f64bc3}]
2025-02-18T14:16:12.834-06:00  WARN 19940 --- [deal-desk-service] [           main] org.jeasy.rules.core.RuleProxy           : Rule 'com.aciworldwide.dealdesk.rules.impl.ProfitabilityRules$CalculateNetRevenuePerTransaction' has been evaluated to false due to a declared but missing fact 'trxnCount' in [Fact{name='grossRevenue', value=0.0},Fact{name='netRevenue', value=750.0},Fact{name='marginPercentage', value=[D@10f64bc3}]
2025-02-18T14:16:12.834-06:00  WARN 19940 --- [deal-desk-service] [           main] org.jeasy.rules.core.RuleProxy           : Rule 'com.aciworldwide.dealdesk.rules.impl.ProfitabilityRules$CalculateUpliftDecrease' has been evaluated to false due to a declared but missing fact 'netRevenueCard' in [Fact{name='grossRevenue', value=0.0},Fact{name='netRevenue', value=750.0},Fact{name='marginPercentage', value=[D@10f64bc3}]
]]></system-out>
  </testcase>
  <testcase name="shouldCalculateMarginPercentageCorrectly(double, double, double)[1]" classname="com.aciworldwide.dealdesk.rules.impl.ProfitabilityRulesTest" time="0.026">
    <system-out><![CDATA[2025-02-18T14:16:12.965-06:00  WARN 19940 --- [deal-desk-service] [           main] org.jeasy.rules.core.RuleProxy           : Rule 'com.aciworldwide.dealdesk.rules.impl.ProfitabilityRules$CalculateGrossRevenue' has been evaluated to false due to a declared but missing fact 'settledPmtAmt' in [Fact{name='grossRevenue', value=1000.0},Fact{name='netRevenue', value=750.0},Fact{name='marginPercentage', value=[D@4f7a2262}]
2025-02-18T14:16:12.966-06:00  WARN 19940 --- [deal-desk-service] [           main] org.jeasy.rules.core.RuleProxy           : Rule 'com.aciworldwide.dealdesk.rules.impl.ProfitabilityRules$CalculateNetRevenuePerTransaction' has been evaluated to false due to a declared but missing fact 'trxnCount' in [Fact{name='grossRevenue', value=1000.0},Fact{name='netRevenue', value=750.0},Fact{name='marginPercentage', value=[D@4f7a2262}]
2025-02-18T14:16:12.966-06:00  WARN 19940 --- [deal-desk-service] [           main] org.jeasy.rules.core.RuleProxy           : Rule 'com.aciworldwide.dealdesk.rules.impl.ProfitabilityRules$CalculateUpliftDecrease' has been evaluated to false due to a declared but missing fact 'netRevenueCard' in [Fact{name='grossRevenue', value=1000.0},Fact{name='netRevenue', value=750.0},Fact{name='marginPercentage', value=[D@4f7a2262}]
]]></system-out>
  </testcase>
  <testcase name="shouldCalculateMarginPercentageCorrectly(double, double, double)[2]" classname="com.aciworldwide.dealdesk.rules.impl.ProfitabilityRulesTest" time="0.004">
    <system-out><![CDATA[2025-02-18T14:16:12.974-06:00  WARN 19940 --- [deal-desk-service] [           main] org.jeasy.rules.core.RuleProxy           : Rule 'com.aciworldwide.dealdesk.rules.impl.ProfitabilityRules$CalculateGrossRevenue' has been evaluated to false due to a declared but missing fact 'settledPmtAmt' in [Fact{name='grossRevenue', value=2000.0},Fact{name='netRevenue', value=1500.0},Fact{name='marginPercentage', value=[D@640a80aa}]
2025-02-18T14:16:12.975-06:00  WARN 19940 --- [deal-desk-service] [           main] org.jeasy.rules.core.RuleProxy           : Rule 'com.aciworldwide.dealdesk.rules.impl.ProfitabilityRules$CalculateNetRevenuePerTransaction' has been evaluated to false due to a declared but missing fact 'trxnCount' in [Fact{name='grossRevenue', value=2000.0},Fact{name='netRevenue', value=1500.0},Fact{name='marginPercentage', value=[D@640a80aa}]
2025-02-18T14:16:12.975-06:00  WARN 19940 --- [deal-desk-service] [           main] org.jeasy.rules.core.RuleProxy           : Rule 'com.aciworldwide.dealdesk.rules.impl.ProfitabilityRules$CalculateUpliftDecrease' has been evaluated to false due to a declared but missing fact 'netRevenueCard' in [Fact{name='grossRevenue', value=2000.0},Fact{name='netRevenue', value=1500.0},Fact{name='marginPercentage', value=[D@640a80aa}]
]]></system-out>
  </testcase>
  <testcase name="shouldCalculateMarginPercentageCorrectly(double, double, double)[3]" classname="com.aciworldwide.dealdesk.rules.impl.ProfitabilityRulesTest" time="0.011">
    <system-out><![CDATA[2025-02-18T14:16:12.985-06:00  WARN 19940 --- [deal-desk-service] [           main] org.jeasy.rules.core.RuleProxy           : Rule 'com.aciworldwide.dealdesk.rules.impl.ProfitabilityRules$CalculateGrossRevenue' has been evaluated to false due to a declared but missing fact 'settledPmtAmt' in [Fact{name='grossRevenue', value=100.0},Fact{name='netRevenue', value=25.0},Fact{name='marginPercentage', value=[D@1d4ee936}]
2025-02-18T14:16:12.986-06:00  WARN 19940 --- [deal-desk-service] [           main] org.jeasy.rules.core.RuleProxy           : Rule 'com.aciworldwide.dealdesk.rules.impl.ProfitabilityRules$CalculateNetRevenuePerTransaction' has been evaluated to false due to a declared but missing fact 'trxnCount' in [Fact{name='grossRevenue', value=100.0},Fact{name='netRevenue', value=25.0},Fact{name='marginPercentage', value=[D@1d4ee936}]
2025-02-18T14:16:12.987-06:00  WARN 19940 --- [deal-desk-service] [           main] org.jeasy.rules.core.RuleProxy           : Rule 'com.aciworldwide.dealdesk.rules.impl.ProfitabilityRules$CalculateUpliftDecrease' has been evaluated to false due to a declared but missing fact 'netRevenueCard' in [Fact{name='grossRevenue', value=100.0},Fact{name='netRevenue', value=25.0},Fact{name='marginPercentage', value=[D@1d4ee936}]
]]></system-out>
  </testcase>
  <testcase name="shouldCalculateUpliftDecreaseCorrectly" classname="com.aciworldwide.dealdesk.rules.impl.ProfitabilityRulesTest" time="0.004">
    <system-out><![CDATA[2025-02-18T14:16:12.991-06:00  WARN 19940 --- [deal-desk-service] [           main] org.jeasy.rules.core.RuleProxy           : Rule 'com.aciworldwide.dealdesk.rules.impl.ProfitabilityRules$CalculateGrossRevenue' has been evaluated to false due to a declared but missing fact 'settledPmtAmt' in [Fact{name='netRevenueCard', value=1000.0},Fact{name='netRevenueACH', value=750.0},Fact{name='upliftDecrease', value=[D@363751f2}]
2025-02-18T14:16:12.991-06:00  WARN 19940 --- [deal-desk-service] [           main] org.jeasy.rules.core.RuleProxy           : Rule 'com.aciworldwide.dealdesk.rules.impl.ProfitabilityRules$CalculateMarginPercentage' has been evaluated to false due to a declared but missing fact 'grossRevenue' in [Fact{name='netRevenueCard', value=1000.0},Fact{name='netRevenueACH', value=750.0},Fact{name='upliftDecrease', value=[D@363751f2}]
2025-02-18T14:16:12.992-06:00  WARN 19940 --- [deal-desk-service] [           main] org.jeasy.rules.core.RuleProxy           : Rule 'com.aciworldwide.dealdesk.rules.impl.ProfitabilityRules$CalculateNetRevenuePerTransaction' has been evaluated to false due to a declared but missing fact 'netRevenue' in [Fact{name='netRevenueCard', value=1000.0},Fact{name='netRevenueACH', value=750.0},Fact{name='upliftDecrease', value=[D@363751f2}]
]]></system-out>
  </testcase>
  <testcase name="shouldCalculateGrossRevenueCorrectly" classname="com.aciworldwide.dealdesk.rules.impl.ProfitabilityRulesTest" time="0.006">
    <system-out><![CDATA[2025-02-18T14:16:12.995-06:00  WARN 19940 --- [deal-desk-service] [           main] org.jeasy.rules.core.RuleProxy           : Types of injected facts in method 'isMarginPercentageCalculationNeeded' in rule 'com.aciworldwide.dealdesk.rules.impl.ProfitabilityRules$CalculateMarginPercentage' do not match parameters types

java.lang.IllegalArgumentException: argument type mismatch
	at java.base/jdk.internal.reflect.DirectMethodHandleAccessor.invoke(DirectMethodHandleAccessor.java:107) ~[na:na]
	at java.base/java.lang.reflect.Method.invoke(Method.java:580) ~[na:na]
	at org.jeasy.rules.core.RuleProxy.evaluateMethod(RuleProxy.java:126) ~[easy-rules-core-4.1.0.jar:na]
	at org.jeasy.rules.core.RuleProxy.invoke(RuleProxy.java:107) ~[easy-rules-core-4.1.0.jar:na]
	at jdk.proxy2/jdk.proxy2.$Proxy171.evaluate(Unknown Source) ~[na:na]
	at org.jeasy.rules.core.DefaultRulesEngine.doFire(DefaultRulesEngine.java:97) ~[easy-rules-core-4.1.0.jar:na]
	at org.jeasy.rules.core.DefaultRulesEngine.fire(DefaultRulesEngine.java:70) ~[easy-rules-core-4.1.0.jar:na]
	at com.aciworldwide.dealdesk.rules.impl.ProfitabilityRulesTest.shouldCalculateGrossRevenueCorrectly(ProfitabilityRulesTest.java:49) ~[test-classes/:na]
	at java.base/jdk.internal.reflect.DirectMethodHandleAccessor.invoke(DirectMethodHandleAccessor.java:103) ~[na:na]
	at java.base/java.lang.reflect.Method.invoke(Method.java:580) ~[na:na]
	at org.junit.platform.commons.util.ReflectionUtils.invokeMethod(ReflectionUtils.java:767) ~[junit-platform-commons-1.11.4.jar:1.11.4]
	at org.junit.jupiter.engine.execution.MethodInvocation.proceed(MethodInvocation.java:60) ~[junit-jupiter-engine-5.11.4.jar:5.11.4]
	at org.junit.jupiter.engine.execution.InvocationInterceptorChain$ValidatingInvocation.proceed(InvocationInterceptorChain.java:131) ~[junit-jupiter-engine-5.11.4.jar:5.11.4]
	at org.junit.jupiter.engine.extension.TimeoutExtension.intercept(TimeoutExtension.java:156) ~[junit-jupiter-engine-5.11.4.jar:5.11.4]
	at org.junit.jupiter.engine.extension.TimeoutExtension.interceptTestableMethod(TimeoutExtension.java:147) ~[junit-jupiter-engine-5.11.4.jar:5.11.4]
	at org.junit.jupiter.engine.extension.TimeoutExtension.interceptTestMethod(TimeoutExtension.java:86) ~[junit-jupiter-engine-5.11.4.jar:5.11.4]
	at org.junit.jupiter.engine.execution.InterceptingExecutableInvoker$ReflectiveInterceptorCall.lambda$ofVoidMethod$0(InterceptingExecutableInvoker.java:103) ~[junit-jupiter-engine-5.11.4.jar:5.11.4]
	at org.junit.jupiter.engine.execution.InterceptingExecutableInvoker.lambda$invoke$0(InterceptingExecutableInvoker.java:93) ~[junit-jupiter-engine-5.11.4.jar:5.11.4]
	at org.junit.jupiter.engine.execution.InvocationInterceptorChain$InterceptedInvocation.proceed(InvocationInterceptorChain.java:106) ~[junit-jupiter-engine-5.11.4.jar:5.11.4]
	at org.junit.jupiter.engine.execution.InvocationInterceptorChain.proceed(InvocationInterceptorChain.java:64) ~[junit-jupiter-engine-5.11.4.jar:5.11.4]
	at org.junit.jupiter.engine.execution.InvocationInterceptorChain.chainAndInvoke(InvocationInterceptorChain.java:45) ~[junit-jupiter-engine-5.11.4.jar:5.11.4]
	at org.junit.jupiter.engine.execution.InvocationInterceptorChain.invoke(InvocationInterceptorChain.java:37) ~[junit-jupiter-engine-5.11.4.jar:5.11.4]
	at org.junit.jupiter.engine.execution.InterceptingExecutableInvoker.invoke(InterceptingExecutableInvoker.java:92) ~[junit-jupiter-engine-5.11.4.jar:5.11.4]
	at org.junit.jupiter.engine.execution.InterceptingExecutableInvoker.invoke(InterceptingExecutableInvoker.java:86) ~[junit-jupiter-engine-5.11.4.jar:5.11.4]
	at org.junit.jupiter.engine.descriptor.TestMethodTestDescriptor.lambda$invokeTestMethod$8(TestMethodTestDescriptor.java:217) ~[junit-jupiter-engine-5.11.4.jar:5.11.4]
	at org.junit.platform.engine.support.hierarchical.ThrowableCollector.execute(ThrowableCollector.java:73) ~[junit-platform-engine-1.11.4.jar:1.11.4]
	at org.junit.jupiter.engine.descriptor.TestMethodTestDescriptor.invokeTestMethod(TestMethodTestDescriptor.java:213) ~[junit-jupiter-engine-5.11.4.jar:5.11.4]
	at org.junit.jupiter.engine.descriptor.TestMethodTestDescriptor.execute(TestMethodTestDescriptor.java:138) ~[junit-jupiter-engine-5.11.4.jar:5.11.4]
	at org.junit.jupiter.engine.descriptor.TestMethodTestDescriptor.execute(TestMethodTestDescriptor.java:68) ~[junit-jupiter-engine-5.11.4.jar:5.11.4]
	at org.junit.platform.engine.support.hierarchical.NodeTestTask.lambda$executeRecursively$6(NodeTestTask.java:156) ~[junit-platform-engine-1.11.4.jar:1.11.4]
	at org.junit.platform.engine.support.hierarchical.ThrowableCollector.execute(ThrowableCollector.java:73) ~[junit-platform-engine-1.11.4.jar:1.11.4]
	at org.junit.platform.engine.support.hierarchical.NodeTestTask.lambda$executeRecursively$8(NodeTestTask.java:146) ~[junit-platform-engine-1.11.4.jar:1.11.4]
	at org.junit.platform.engine.support.hierarchical.Node.around(Node.java:137) ~[junit-platform-engine-1.11.4.jar:1.11.4]
	at org.junit.platform.engine.support.hierarchical.NodeTestTask.lambda$executeRecursively$9(NodeTestTask.java:144) ~[junit-platform-engine-1.11.4.jar:1.11.4]
	at org.junit.platform.engine.support.hierarchical.ThrowableCollector.execute(ThrowableCollector.java:73) ~[junit-platform-engine-1.11.4.jar:1.11.4]
	at org.junit.platform.engine.support.hierarchical.NodeTestTask.executeRecursively(NodeTestTask.java:143) ~[junit-platform-engine-1.11.4.jar:1.11.4]
	at org.junit.platform.engine.support.hierarchical.NodeTestTask.execute(NodeTestTask.java:100) ~[junit-platform-engine-1.11.4.jar:1.11.4]
	at java.base/java.util.ArrayList.forEach(ArrayList.java:1596) ~[na:na]
	at org.junit.platform.engine.support.hierarchical.SameThreadHierarchicalTestExecutorService.invokeAll(SameThreadHierarchicalTestExecutorService.java:41) ~[junit-platform-engine-1.11.4.jar:1.11.4]
	at org.junit.platform.engine.support.hierarchical.NodeTestTask.lambda$executeRecursively$6(NodeTestTask.java:160) ~[junit-platform-engine-1.11.4.jar:1.11.4]
	at org.junit.platform.engine.support.hierarchical.ThrowableCollector.execute(ThrowableCollector.java:73) ~[junit-platform-engine-1.11.4.jar:1.11.4]
	at org.junit.platform.engine.support.hierarchical.NodeTestTask.lambda$executeRecursively$8(NodeTestTask.java:146) ~[junit-platform-engine-1.11.4.jar:1.11.4]
	at org.junit.platform.engine.support.hierarchical.Node.around(Node.java:137) ~[junit-platform-engine-1.11.4.jar:1.11.4]
	at org.junit.platform.engine.support.hierarchical.NodeTestTask.lambda$executeRecursively$9(NodeTestTask.java:144) ~[junit-platform-engine-1.11.4.jar:1.11.4]
	at org.junit.platform.engine.support.hierarchical.ThrowableCollector.execute(ThrowableCollector.java:73) ~[junit-platform-engine-1.11.4.jar:1.11.4]
	at org.junit.platform.engine.support.hierarchical.NodeTestTask.executeRecursively(NodeTestTask.java:143) ~[junit-platform-engine-1.11.4.jar:1.11.4]
	at org.junit.platform.engine.support.hierarchical.NodeTestTask.execute(NodeTestTask.java:100) ~[junit-platform-engine-1.11.4.jar:1.11.4]
	at java.base/java.util.ArrayList.forEach(ArrayList.java:1596) ~[na:na]
	at org.junit.platform.engine.support.hierarchical.SameThreadHierarchicalTestExecutorService.invokeAll(SameThreadHierarchicalTestExecutorService.java:41) ~[junit-platform-engine-1.11.4.jar:1.11.4]
	at org.junit.platform.engine.support.hierarchical.NodeTestTask.lambda$executeRecursively$6(NodeTestTask.java:160) ~[junit-platform-engine-1.11.4.jar:1.11.4]
	at org.junit.platform.engine.support.hierarchical.ThrowableCollector.execute(ThrowableCollector.java:73) ~[junit-platform-engine-1.11.4.jar:1.11.4]
	at org.junit.platform.engine.support.hierarchical.NodeTestTask.lambda$executeRecursively$8(NodeTestTask.java:146) ~[junit-platform-engine-1.11.4.jar:1.11.4]
	at org.junit.platform.engine.support.hierarchical.Node.around(Node.java:137) ~[junit-platform-engine-1.11.4.jar:1.11.4]
	at org.junit.platform.engine.support.hierarchical.NodeTestTask.lambda$executeRecursively$9(NodeTestTask.java:144) ~[junit-platform-engine-1.11.4.jar:1.11.4]
	at org.junit.platform.engine.support.hierarchical.ThrowableCollector.execute(ThrowableCollector.java:73) ~[junit-platform-engine-1.11.4.jar:1.11.4]
	at org.junit.platform.engine.support.hierarchical.NodeTestTask.executeRecursively(NodeTestTask.java:143) ~[junit-platform-engine-1.11.4.jar:1.11.4]
	at org.junit.platform.engine.support.hierarchical.NodeTestTask.execute(NodeTestTask.java:100) ~[junit-platform-engine-1.11.4.jar:1.11.4]
	at org.junit.platform.engine.support.hierarchical.SameThreadHierarchicalTestExecutorService.submit(SameThreadHierarchicalTestExecutorService.java:35) ~[junit-platform-engine-1.11.4.jar:1.11.4]
	at org.junit.platform.engine.support.hierarchical.HierarchicalTestExecutor.execute(HierarchicalTestExecutor.java:57) ~[junit-platform-engine-1.11.4.jar:1.11.4]
	at org.junit.platform.engine.support.hierarchical.HierarchicalTestEngine.execute(HierarchicalTestEngine.java:54) ~[junit-platform-engine-1.11.4.jar:1.11.4]
	at org.junit.platform.launcher.core.EngineExecutionOrchestrator.execute(EngineExecutionOrchestrator.java:198) ~[junit-platform-launcher-1.11.4.jar:1.11.4]
	at org.junit.platform.launcher.core.EngineExecutionOrchestrator.execute(EngineExecutionOrchestrator.java:169) ~[junit-platform-launcher-1.11.4.jar:1.11.4]
	at org.junit.platform.launcher.core.EngineExecutionOrchestrator.execute(EngineExecutionOrchestrator.java:93) ~[junit-platform-launcher-1.11.4.jar:1.11.4]
	at org.junit.platform.launcher.core.EngineExecutionOrchestrator.lambda$execute$0(EngineExecutionOrchestrator.java:58) ~[junit-platform-launcher-1.11.4.jar:1.11.4]
	at org.junit.platform.launcher.core.EngineExecutionOrchestrator.withInterceptedStreams(EngineExecutionOrchestrator.java:141) ~[junit-platform-launcher-1.11.4.jar:1.11.4]
	at org.junit.platform.launcher.core.EngineExecutionOrchestrator.execute(EngineExecutionOrchestrator.java:57) ~[junit-platform-launcher-1.11.4.jar:1.11.4]
	at org.junit.platform.launcher.core.DefaultLauncher.execute(DefaultLauncher.java:103) ~[junit-platform-launcher-1.11.4.jar:1.11.4]
	at org.junit.platform.launcher.core.DefaultLauncher.execute(DefaultLauncher.java:85) ~[junit-platform-launcher-1.11.4.jar:1.11.4]
	at org.junit.platform.launcher.core.DelegatingLauncher.execute(DelegatingLauncher.java:47) ~[junit-platform-launcher-1.11.4.jar:1.11.4]
	at org.apache.maven.surefire.junitplatform.LazyLauncher.execute(LazyLauncher.java:56) ~[surefire-junit-platform-3.5.2.jar:3.5.2]
	at org.apache.maven.surefire.junitplatform.JUnitPlatformProvider.execute(JUnitPlatformProvider.java:184) ~[surefire-junit-platform-3.5.2.jar:3.5.2]
	at org.apache.maven.surefire.junitplatform.JUnitPlatformProvider.invokeAllTests(JUnitPlatformProvider.java:148) ~[surefire-junit-platform-3.5.2.jar:3.5.2]
	at org.apache.maven.surefire.junitplatform.JUnitPlatformProvider.invoke(JUnitPlatformProvider.java:122) ~[surefire-junit-platform-3.5.2.jar:3.5.2]
	at org.apache.maven.surefire.booter.ForkedBooter.runSuitesInProcess(ForkedBooter.java:385) ~[surefire-booter-3.5.2.jar:3.5.2]
	at org.apache.maven.surefire.booter.ForkedBooter.execute(ForkedBooter.java:162) ~[surefire-booter-3.5.2.jar:3.5.2]
	at org.apache.maven.surefire.booter.ForkedBooter.run(ForkedBooter.java:507) ~[surefire-booter-3.5.2.jar:3.5.2]
	at org.apache.maven.surefire.booter.ForkedBooter.main(ForkedBooter.java:495) ~[surefire-booter-3.5.2.jar:3.5.2]

2025-02-18T14:16:12.997-06:00  WARN 19940 --- [deal-desk-service] [           main] org.jeasy.rules.core.RuleProxy           : Rule 'com.aciworldwide.dealdesk.rules.impl.ProfitabilityRules$CalculateNetRevenuePerTransaction' has been evaluated to false due to a declared but missing fact 'trxnCount' in [Fact{name='settledPmtAmt', value=1000.0},Fact{name='grossRevenue', value=[D@6c65c6f0},Fact{name='netRevenue', value=750.0}]
2025-02-18T14:16:12.997-06:00  WARN 19940 --- [deal-desk-service] [           main] org.jeasy.rules.core.RuleProxy           : Rule 'com.aciworldwide.dealdesk.rules.impl.ProfitabilityRules$CalculateUpliftDecrease' has been evaluated to false due to a declared but missing fact 'netRevenueCard' in [Fact{name='settledPmtAmt', value=1000.0},Fact{name='grossRevenue', value=[D@6c65c6f0},Fact{name='netRevenue', value=750.0}]
]]></system-out>
  </testcase>
  <testcase name="shouldCalculateNetRevenuePerTransactionCorrectly" classname="com.aciworldwide.dealdesk.rules.impl.ProfitabilityRulesTest" time="0.009">
    <system-out><![CDATA[2025-02-18T14:16:13.000-06:00  WARN 19940 --- [deal-desk-service] [           main] org.jeasy.rules.core.RuleProxy           : Rule 'com.aciworldwide.dealdesk.rules.impl.ProfitabilityRules$CalculateGrossRevenue' has been evaluated to false due to a declared but missing fact 'settledPmtAmt' in [Fact{name='netRevenue', value=1000.0},Fact{name='nrPerTrans', value=[D@1e0bae92},Fact{name='trxnCount', value=4}]
2025-02-18T14:16:13.000-06:00  WARN 19940 --- [deal-desk-service] [           main] org.jeasy.rules.core.RuleProxy           : Rule 'com.aciworldwide.dealdesk.rules.impl.ProfitabilityRules$CalculateMarginPercentage' has been evaluated to false due to a declared but missing fact 'grossRevenue' in [Fact{name='netRevenue', value=1000.0},Fact{name='nrPerTrans', value=[D@1e0bae92},Fact{name='trxnCount', value=4}]
2025-02-18T14:16:13.007-06:00  WARN 19940 --- [deal-desk-service] [           main] org.jeasy.rules.core.RuleProxy           : Rule 'com.aciworldwide.dealdesk.rules.impl.ProfitabilityRules$CalculateUpliftDecrease' has been evaluated to false due to a declared but missing fact 'netRevenueCard' in [Fact{name='netRevenue', value=1000.0},Fact{name='nrPerTrans', value=[D@1e0bae92},Fact{name='trxnCount', value=4}]
]]></system-out>
  </testcase>
</testsuite>